<?xml version="1.0" encoding="UTF-8"?>
<!-- Generated by org.testng.reporters.JUnitXMLReporter -->
<testsuite ignored="0" hostname="DESKTOP-PTC7N5O" failures="0" tests="6" name="Default test" time="0.779" errors="0" timestamp="2023-11-15T21:55:16 IST">
  <testcase classname="com.testNg.com.testNg_test.Dataprovider" name="test1" time="0.005"/>
  <testcase classname="com.testNg.com.testNg_test.Dataprovider" name="test1" time="0.001"/>
  <testcase classname="com.testNg.com.testNg_test.Dataprovider" name="test1" time="0.001"/>
  <testcase classname="com.testNg.com.testNg_test.Dataprovider" name="test1" time="0.001"/>
  <testcase classname="com.testNg.com.testNg_test.Dataprovider" name="test1" time="0.001"/>
  <testcase classname="com.testNg.com.testNg_test.Dataprovider" name="test1" time="0.001"/>
</testsuite> <!-- Default test -->
