<?xml version="1.0" encoding="UTF-8"?>
<!-- Generated by org.testng.reporters.JUnitXMLReporter -->
<testsuite ignored="2" hostname="DESKTOP-PTC7N5O" failures="0" tests="1" name="Car Loan" time="0.002" errors="0" timestamp="2023-11-13T15:55:53 IST">
  <testcase classname="com.test.groups.Car_loan" name="APILoginCarLoan" time="0.002"/>
  <testcase classname="com.test.groups.Car_loan" name="MobileLoginCarLoan" time="0.0">
    <ignored/>
  </testcase> <!-- MobileLoginCarLoan -->
  <testcase classname="com.test.groups.Car_loan" name="WebLoginCarLoan" time="0.0">
    <ignored/>
  </testcase> <!-- WebLoginCarLoan -->
</testsuite> <!-- Car Loan -->
