<?xml version="1.0" encoding="UTF-8"?>
<!-- Generated by org.testng.reporters.JUnitXMLReporter -->
<testsuite ignored="1" hostname="DESKTOP-PTC7N5O" failures="0" tests="2" name="Group A" time="0.031" errors="0" timestamp="2023-11-13T16:01:16 IST">
  <testcase classname="com.test.groups.Groups" name="testcase1" time="0.006"/>
  <testcase classname="com.test.groups.Groups" name="testcase2" time="0.001"/>
  <testcase classname="com.test.groups.Groups" name="testcase3" time="0.0">
    <ignored/>
  </testcase> <!-- testcase3 -->
</testsuite> <!-- Group A -->
