<?xml version="1.0" encoding="UTF-8"?>
<!-- Generated by org.testng.reporters.JUnitXMLReporter -->
<testsuite ignored="1" hostname="DESKTOP-PTC7N5O" failures="0" tests="2" name="Include and Exclude Group" time="0.031" errors="0" timestamp="2023-11-13T16:03:51 IST">
  <testcase classname="com.test.groups.ExcludeIncludegroups" name="test_case1" time="0.005"/>
  <testcase classname="com.test.groups.ExcludeIncludegroups" name="test_case2" time="0.001"/>
  <testcase classname="com.test.groups.ExcludeIncludegroups" name="test_case3" time="0.0">
    <ignored/>
  </testcase> <!-- test_case3 -->
</testsuite> <!-- Include and Exclude Group -->
