<?xml version="1.0" encoding="UTF-8"?>
<!-- Generated by org.testng.reporters.JUnitXMLReporter -->
<testsuite ignored="6" hostname="DESKTOP-PTC7N5O" failures="0" tests="3" name="Loan" time="0.037" errors="0" timestamp="2023-11-13T15:58:16 IST">
  <testcase classname="com.test.groups.Personal_loan" name="WebLoginPersonalLoan" time="0.005"/>
  <testcase classname="com.test.groups.Home_loan" name="MobileLoginHomeLoan" time="0.001"/>
  <testcase classname="com.test.groups.Car_loan" name="APILoginCarLoan" time="0.0"/>
  <testcase classname="com.test.groups.Car_loan" name="MobileLoginCarLoan" time="0.0">
    <ignored/>
  </testcase> <!-- MobileLoginCarLoan -->
  <testcase classname="com.test.groups.Home_loan" name="WebLoginHomeLoan" time="0.0">
    <ignored/>
  </testcase> <!-- WebLoginHomeLoan -->
  <testcase classname="com.test.groups.Car_loan" name="WebLoginCarLoan" time="0.0">
    <ignored/>
  </testcase> <!-- WebLoginCarLoan -->
  <testcase classname="com.test.groups.Home_loan" name="APILoginHomeLoan" time="0.0">
    <ignored/>
  </testcase> <!-- APILoginHomeLoan -->
  <testcase classname="com.test.groups.Personal_loan" name="MobileLoginPersonalLoan" time="0.0">
    <ignored/>
  </testcase> <!-- MobileLoginPersonalLoan -->
  <testcase classname="com.test.groups.Personal_loan" name="APILoginPersonalLoan" time="0.0">
    <ignored/>
  </testcase> <!-- APILoginPersonalLoan -->
</testsuite> <!-- Loan -->
