<?xml version="1.0" encoding="UTF-8"?>
<!-- Generated by org.testng.reporters.JUnitXMLReporter -->
<testsuite ignored="2" hostname="DESKTOP-PTC7N5O" failures="0" tests="1" name="Personal Loan" time="0.028" errors="0" timestamp="2023-11-13T15:55:53 IST">
  <testcase classname="com.test.groups.Personal_loan" name="WebLoginPersonalLoan" time="0.006"/>
  <testcase classname="com.test.groups.Personal_loan" name="MobileLoginPersonalLoan" time="0.0">
    <ignored/>
  </testcase> <!-- MobileLoginPersonalLoan -->
  <testcase classname="com.test.groups.Personal_loan" name="APILoginPersonalLoan" time="0.0">
    <ignored/>
  </testcase> <!-- APILoginPersonalLoan -->
</testsuite> <!-- Personal Loan -->
