<?xml version="1.0" encoding="UTF-8"?>
<!-- Generated by org.testng.reporters.JUnitXMLReporter -->
<testsuite ignored="2" hostname="DESKTOP-PTC7N5O" failures="0" tests="2" name="Include Exclude Test" time="8.937" errors="0" timestamp="2023-11-12T15:26:41 IST">
  <testcase classname="com.testNg.com.testNg_test.BeforeAfterMethod" name="verifyPageTitle1" time="1.814"/>
  <testcase classname="com.testNg.com.testNg_test.Ebay_Home_Sanity" name="testMethod" time="0.001"/>
  <testcase classname="com.testNg.com.testNg_test.Ebay_Home_Sanity" name="empty_search_test_softassert" time="0.0">
    <ignored/>
  </testcase> <!-- empty_search_test_softassert -->
  <testcase classname="com.testNg.com.testNg_test.BeforeAfterMethod" name="verifyPageTitle2" time="0.0">
    <ignored/>
  </testcase> <!-- verifyPageTitle2 -->
</testsuite> <!-- Include Exclude Test -->
